f:\h3r\escritorio\acg_2020_student\acg_2020_student\acg_2020_students\visualstudio15\vs2015\debug\animation.obj
f:\h3r\escritorio\acg_2020_student\acg_2020_student\acg_2020_students\visualstudio15\vs2015\debug\hdre.obj
f:\h3r\escritorio\acg_2020_student\acg_2020_student\acg_2020_students\visualstudio15\vs2015\debug\imgui_impl_opengl3.obj
f:\h3r\escritorio\acg_2020_student\acg_2020_student\acg_2020_students\visualstudio15\vs2015\debug\imsequencer.obj
f:\h3r\escritorio\acg_2020_student\acg_2020_student\acg_2020_students\visualstudio15\vs2015\debug\pvmparser.obj
f:\h3r\escritorio\acg_2020_student\acg_2020_student\acg_2020_students\visualstudio15\vs2015\debug\input.obj
f:\h3r\escritorio\acg_2020_student\acg_2020_student\acg_2020_students\visualstudio15\vs2015\debug\rendertotexture.obj
f:\h3r\escritorio\acg_2020_student\acg_2020_student\acg_2020_students\visualstudio15\vs2015\debug\texture.obj
f:\h3r\escritorio\acg_2020_student\acg_2020_student\acg_2020_students\visualstudio15\vs2015\debug\camera.obj
f:\h3r\escritorio\acg_2020_student\acg_2020_student\acg_2020_students\visualstudio15\vs2015\debug\math3d.obj
f:\h3r\escritorio\acg_2020_student\acg_2020_student\acg_2020_students\visualstudio15\vs2015\debug\imcurveedit.obj
f:\h3r\escritorio\acg_2020_student\acg_2020_student\acg_2020_students\visualstudio15\vs2015\debug\imgui_demo.obj
f:\h3r\escritorio\acg_2020_student\acg_2020_student\acg_2020_students\visualstudio15\vs2015\debug\imgui_widgets.obj
f:\h3r\escritorio\acg_2020_student\acg_2020_student\acg_2020_students\visualstudio15\vs2015\debug\textparser.obj
f:\h3r\escritorio\acg_2020_student\acg_2020_student\acg_2020_students\visualstudio15\vs2015\debug\application.obj
f:\h3r\escritorio\acg_2020_student\acg_2020_student\acg_2020_students\visualstudio15\vs2015\debug\mesh.obj
f:\h3r\escritorio\acg_2020_student\acg_2020_student\acg_2020_students\visualstudio15\vs2015\debug\utils.obj
f:\h3r\escritorio\acg_2020_student\acg_2020_student\acg_2020_students\visualstudio15\vs2015\debug\box_bld.obj
f:\h3r\escritorio\acg_2020_student\acg_2020_student\acg_2020_students\visualstudio15\vs2015\debug\coldet.obj
f:\h3r\escritorio\acg_2020_student\acg_2020_student\acg_2020_students\visualstudio15\vs2015\debug\sysdep.obj
f:\h3r\escritorio\acg_2020_student\acg_2020_student\acg_2020_students\visualstudio15\vs2015\debug\imgradient.obj
f:\h3r\escritorio\acg_2020_student\acg_2020_student\acg_2020_students\visualstudio15\vs2015\debug\imguizmo.obj
f:\h3r\escritorio\acg_2020_student\acg_2020_student\acg_2020_students\visualstudio15\vs2015\debug\fbo.obj
f:\h3r\escritorio\acg_2020_student\acg_2020_student\acg_2020_students\visualstudio15\vs2015\debug\material.obj
f:\h3r\escritorio\acg_2020_student\acg_2020_student\acg_2020_students\visualstudio15\vs2015\debug\shader.obj
f:\h3r\escritorio\acg_2020_student\acg_2020_student\acg_2020_students\visualstudio15\vs2015\debug\box.obj
f:\h3r\escritorio\acg_2020_student\acg_2020_student\acg_2020_students\visualstudio15\vs2015\debug\coldet_bld.obj
f:\h3r\escritorio\acg_2020_student\acg_2020_student\acg_2020_students\visualstudio15\vs2015\debug\mytritri.obj
f:\h3r\escritorio\acg_2020_student\acg_2020_student\acg_2020_students\visualstudio15\vs2015\debug\imgui.obj
f:\h3r\escritorio\acg_2020_student\acg_2020_student\acg_2020_students\visualstudio15\vs2015\debug\picopng.obj
f:\h3r\escritorio\acg_2020_student\acg_2020_student\acg_2020_students\visualstudio15\vs2015\debug\framework.obj
f:\h3r\escritorio\acg_2020_student\acg_2020_student\acg_2020_students\visualstudio15\vs2015\debug\main.obj
f:\h3r\escritorio\acg_2020_student\acg_2020_student\acg_2020_students\visualstudio15\vs2015\debug\scenenode.obj
f:\h3r\escritorio\acg_2020_student\acg_2020_student\acg_2020_students\visualstudio15\vs2015\debug\volume.obj
f:\h3r\escritorio\acg_2020_student\acg_2020_student\acg_2020_students\visualstudio15\vs2015\debug\vc142.idb
f:\h3r\escritorio\acg_2020_student\acg_2020_student\acg_2020_students\visualstudio15\vs2015\debug\vc142.pdb
f:\h3r\escritorio\acg_2020_student\acg_2020_student\acg_2020_students\visualstudio15\vs2015\debug\framework.tlog\cl.1624.write.1.tlog
f:\h3r\escritorio\acg_2020_student\acg_2020_student\acg_2020_students\visualstudio15\vs2015\debug\framework.tlog\cl.command.1.tlog
f:\h3r\escritorio\acg_2020_student\acg_2020_student\acg_2020_students\visualstudio15\vs2015\debug\framework.tlog\cl.read.1.tlog
