  application.cpp
C:\Users\apere\Desktop\P3\src\framework.h(26,66): warning C4244: 'return': conversión de 'double' a 'float'; posible pérdida de datos
C:\Users\apere\Desktop\P3\src\framework.h(64,82): warning C4244: 'argumento': conversión de 'double' a 'float'; posible pérdida de datos
C:\Users\apere\Desktop\P3\src\framework.h(149,82): warning C4244: 'argumento': conversión de 'double' a 'float'; posible pérdida de datos
C:\Users\apere\Desktop\P3\src\framework.h(179,109): warning C4244: 'argumento': conversión de 'float' a 'unsigned char'; posible pérdida de datos
C:\Users\apere\Desktop\P3\src\framework.h(179,100): warning C4244: 'argumento': conversión de 'float' a 'unsigned char'; posible pérdida de datos
C:\Users\apere\Desktop\P3\src\framework.h(179,91): warning C4244: 'argumento': conversión de 'float' a 'unsigned char'; posible pérdida de datos
C:\Users\apere\Desktop\P3\src\framework.h(179,82): warning C4244: 'argumento': conversión de 'float' a 'unsigned char'; posible pérdida de datos
C:\Users\apere\Desktop\P3\src\framework.h(181,88): warning C4244: 'argumento': conversión de 'double' a 'float'; posible pérdida de datos
C:\Users\apere\Desktop\P3\src\application.cpp(38,17): warning C4305: 'inicializando': truncamiento de 'double' a 'float'
C:\Users\apere\Desktop\P3\src\application.cpp(39,17): warning C4305: 'inicializando': truncamiento de 'double' a 'float'
C:\Users\apere\Desktop\P3\src\application.cpp(42,16): warning C4305: 'inicializando': truncamiento de 'double' a 'float'
C:\Users\apere\Desktop\P3\src\application.cpp(43,15): warning C4305: 'inicializando': truncamiento de 'double' a 'float'
C:\Users\apere\Desktop\P3\src\application.cpp(47,43): warning C4305: 'argumento': truncamiento de 'double' a 'float'
C:\Users\apere\Desktop\P3\src\application.cpp(81,46): warning C4305: 'argumento': truncamiento de 'double' a 'float'
C:\Users\apere\Desktop\P3\src\application.cpp(134,20): warning C4018: '<': no coinciden signed/unsigned
C:\Users\apere\Desktop\P3\src\application.cpp(149,14): warning C4244: 'inicializando': conversión de 'double' a 'float'; posible pérdida de datos
C:\Users\apere\Desktop\P3\src\application.cpp(150,20): warning C4244: 'inicializando': conversión de 'double' a 'float'; posible pérdida de datos
C:\Users\apere\Desktop\P3\src\application.cpp(175,55): warning C4244: 'argumento': conversión de 'double' a 'float'; posible pérdida de datos
C:\Users\apere\Desktop\P3\src\application.cpp(177,55): warning C4244: 'argumento': conversión de 'double' a 'float'; posible pérdida de datos
C:\Users\apere\Desktop\P3\src\application.cpp(352,36): warning C4244: '*=': conversión de 'double' a 'float'; posible pérdida de datos
C:\Users\apere\Desktop\P3\src\application.cpp(354,35): warning C4244: 'argumento': conversión de 'double' a 'float'; posible pérdida de datos
animation.obj : warning LNK4075: se omite '/EDITANDCONTINUE' debido a la especificación '/INCREMENTAL:NO'
LINK : warning LNK4098: la biblioteca predeterminada'LIBCMT' entra en conflicto con otras bibliotecas; use la biblioteca /NODEFAULTLIB:biblioteca
LINK : warning LNK4217: "___glewActiveTexture" importa el símbolo "glew32s.lib(glew.obj)" definido en "imgui_impl_opengl3.obj" en la función ""void __cdecl ImGui_ImplOpenGL3_RenderDrawData(struct ImDrawData *)" (?ImGui_ImplOpenGL3_RenderDrawData@@YAXPAUImDrawData@@@Z)"
LINK : warning LNK4217: "___glewBlendEquation" importa el símbolo "glew32s.lib(glew.obj)" definido en "imgui_impl_opengl3.obj" en la función ""void __cdecl ImGui_ImplOpenGL3_SetupRenderState(struct ImDrawData *,int,int,unsigned int)" (?ImGui_ImplOpenGL3_SetupRenderState@@YAXPAUImDrawData@@HHI@Z)"
LINK : warning LNK4217: "___glewBlendFuncSeparate" importa el símbolo "glew32s.lib(glew.obj)" definido en "imgui_impl_opengl3.obj" en la función ""void __cdecl ImGui_ImplOpenGL3_RenderDrawData(struct ImDrawData *)" (?ImGui_ImplOpenGL3_RenderDrawData@@YAXPAUImDrawData@@@Z)"
LINK : warning LNK4217: "___glewBindBuffer" importa el símbolo "glew32s.lib(glew.obj)" definido en "imgui_impl_opengl3.obj" en la función ""bool __cdecl ImGui_ImplOpenGL3_CreateDeviceObjects(void)" (?ImGui_ImplOpenGL3_CreateDeviceObjects@@YA_NXZ)"
LINK : warning LNK4217: "___glewBufferData" importa el símbolo "glew32s.lib(glew.obj)" definido en "imgui_impl_opengl3.obj" en la función ""void __cdecl ImGui_ImplOpenGL3_RenderDrawData(struct ImDrawData *)" (?ImGui_ImplOpenGL3_RenderDrawData@@YAXPAUImDrawData@@@Z)"
LINK : warning LNK4217: "___glewDeleteBuffers" importa el símbolo "glew32s.lib(glew.obj)" definido en "imgui_impl_opengl3.obj" en la función ""void __cdecl ImGui_ImplOpenGL3_DestroyDeviceObjects(void)" (?ImGui_ImplOpenGL3_DestroyDeviceObjects@@YAXXZ)"
LINK : warning LNK4217: "___glewGenBuffers" importa el símbolo "glew32s.lib(glew.obj)" definido en "imgui_impl_opengl3.obj" en la función ""bool __cdecl ImGui_ImplOpenGL3_CreateDeviceObjects(void)" (?ImGui_ImplOpenGL3_CreateDeviceObjects@@YA_NXZ)"
LINK : warning LNK4217: "___glewAttachShader" importa el símbolo "glew32s.lib(glew.obj)" definido en "imgui_impl_opengl3.obj" en la función ""bool __cdecl ImGui_ImplOpenGL3_CreateDeviceObjects(void)" (?ImGui_ImplOpenGL3_CreateDeviceObjects@@YA_NXZ)"
LINK : warning LNK4217: "___glewBlendEquationSeparate" importa el símbolo "glew32s.lib(glew.obj)" definido en "imgui_impl_opengl3.obj" en la función ""void __cdecl ImGui_ImplOpenGL3_RenderDrawData(struct ImDrawData *)" (?ImGui_ImplOpenGL3_RenderDrawData@@YAXPAUImDrawData@@@Z)"
LINK : warning LNK4217: "___glewCompileShader" importa el símbolo "glew32s.lib(glew.obj)" definido en "imgui_impl_opengl3.obj" en la función ""bool __cdecl ImGui_ImplOpenGL3_CreateDeviceObjects(void)" (?ImGui_ImplOpenGL3_CreateDeviceObjects@@YA_NXZ)"
LINK : warning LNK4217: "___glewCreateProgram" importa el símbolo "glew32s.lib(glew.obj)" definido en "imgui_impl_opengl3.obj" en la función ""bool __cdecl ImGui_ImplOpenGL3_CreateDeviceObjects(void)" (?ImGui_ImplOpenGL3_CreateDeviceObjects@@YA_NXZ)"
LINK : warning LNK4217: "___glewCreateShader" importa el símbolo "glew32s.lib(glew.obj)" definido en "imgui_impl_opengl3.obj" en la función ""bool __cdecl ImGui_ImplOpenGL3_CreateDeviceObjects(void)" (?ImGui_ImplOpenGL3_CreateDeviceObjects@@YA_NXZ)"
LINK : warning LNK4217: "___glewDeleteProgram" importa el símbolo "glew32s.lib(glew.obj)" definido en "imgui_impl_opengl3.obj" en la función ""void __cdecl ImGui_ImplOpenGL3_DestroyDeviceObjects(void)" (?ImGui_ImplOpenGL3_DestroyDeviceObjects@@YAXXZ)"
LINK : warning LNK4217: "___glewDeleteShader" importa el símbolo "glew32s.lib(glew.obj)" definido en "imgui_impl_opengl3.obj" en la función ""void __cdecl ImGui_ImplOpenGL3_DestroyDeviceObjects(void)" (?ImGui_ImplOpenGL3_DestroyDeviceObjects@@YAXXZ)"
LINK : warning LNK4217: "___glewDetachShader" importa el símbolo "glew32s.lib(glew.obj)" definido en "imgui_impl_opengl3.obj" en la función ""void __cdecl ImGui_ImplOpenGL3_DestroyDeviceObjects(void)" (?ImGui_ImplOpenGL3_DestroyDeviceObjects@@YAXXZ)"
LINK : warning LNK4217: "___glewEnableVertexAttribArray" importa el símbolo "glew32s.lib(glew.obj)" definido en "imgui_impl_opengl3.obj" en la función ""void __cdecl ImGui_ImplOpenGL3_SetupRenderState(struct ImDrawData *,int,int,unsigned int)" (?ImGui_ImplOpenGL3_SetupRenderState@@YAXPAUImDrawData@@HHI@Z)"
LINK : warning LNK4217: "___glewGetAttribLocation" importa el símbolo "glew32s.lib(glew.obj)" definido en "imgui_impl_opengl3.obj" en la función ""bool __cdecl ImGui_ImplOpenGL3_CreateDeviceObjects(void)" (?ImGui_ImplOpenGL3_CreateDeviceObjects@@YA_NXZ)"
LINK : warning LNK4217: "___glewGetProgramInfoLog" importa el símbolo "glew32s.lib(glew.obj)" definido en "imgui_impl_opengl3.obj" en la función ""bool __cdecl CheckProgram(unsigned int,char const *)" (?CheckProgram@@YA_NIPBD@Z)"
LINK : warning LNK4217: "___glewGetProgramiv" importa el símbolo "glew32s.lib(glew.obj)" definido en "imgui_impl_opengl3.obj" en la función ""bool __cdecl CheckProgram(unsigned int,char const *)" (?CheckProgram@@YA_NIPBD@Z)"
LINK : warning LNK4217: "___glewGetShaderInfoLog" importa el símbolo "glew32s.lib(glew.obj)" definido en "imgui_impl_opengl3.obj" en la función ""bool __cdecl CheckShader(unsigned int,char const *)" (?CheckShader@@YA_NIPBD@Z)"
LINK : warning LNK4217: "___glewGetShaderiv" importa el símbolo "glew32s.lib(glew.obj)" definido en "imgui_impl_opengl3.obj" en la función ""bool __cdecl CheckShader(unsigned int,char const *)" (?CheckShader@@YA_NIPBD@Z)"
LINK : warning LNK4217: "___glewGetUniformLocation" importa el símbolo "glew32s.lib(glew.obj)" definido en "imgui_impl_opengl3.obj" en la función ""bool __cdecl ImGui_ImplOpenGL3_CreateDeviceObjects(void)" (?ImGui_ImplOpenGL3_CreateDeviceObjects@@YA_NXZ)"
LINK : warning LNK4217: "___glewLinkProgram" importa el símbolo "glew32s.lib(glew.obj)" definido en "imgui_impl_opengl3.obj" en la función ""bool __cdecl ImGui_ImplOpenGL3_CreateDeviceObjects(void)" (?ImGui_ImplOpenGL3_CreateDeviceObjects@@YA_NXZ)"
LINK : warning LNK4217: "___glewShaderSource" importa el símbolo "glew32s.lib(glew.obj)" definido en "imgui_impl_opengl3.obj" en la función ""bool __cdecl ImGui_ImplOpenGL3_CreateDeviceObjects(void)" (?ImGui_ImplOpenGL3_CreateDeviceObjects@@YA_NXZ)"
LINK : warning LNK4217: "___glewUniform1i" importa el símbolo "glew32s.lib(glew.obj)" definido en "imgui_impl_opengl3.obj" en la función ""void __cdecl ImGui_ImplOpenGL3_SetupRenderState(struct ImDrawData *,int,int,unsigned int)" (?ImGui_ImplOpenGL3_SetupRenderState@@YAXPAUImDrawData@@HHI@Z)"
LINK : warning LNK4217: "___glewUniformMatrix4fv" importa el símbolo "glew32s.lib(glew.obj)" definido en "imgui_impl_opengl3.obj" en la función ""void __cdecl ImGui_ImplOpenGL3_SetupRenderState(struct ImDrawData *,int,int,unsigned int)" (?ImGui_ImplOpenGL3_SetupRenderState@@YAXPAUImDrawData@@HHI@Z)"
LINK : warning LNK4217: "___glewUseProgram" importa el símbolo "glew32s.lib(glew.obj)" definido en "imgui_impl_opengl3.obj" en la función ""void __cdecl ImGui_ImplOpenGL3_RenderDrawData(struct ImDrawData *)" (?ImGui_ImplOpenGL3_RenderDrawData@@YAXPAUImDrawData@@@Z)"
LINK : warning LNK4217: "___glewVertexAttribPointer" importa el símbolo "glew32s.lib(glew.obj)" definido en "imgui_impl_opengl3.obj" en la función ""void __cdecl ImGui_ImplOpenGL3_SetupRenderState(struct ImDrawData *,int,int,unsigned int)" (?ImGui_ImplOpenGL3_SetupRenderState@@YAXPAUImDrawData@@HHI@Z)"
LINK : warning LNK4217: "___glewDrawElementsBaseVertex" importa el símbolo "glew32s.lib(glew.obj)" definido en "imgui_impl_opengl3.obj" en la función ""void __cdecl ImGui_ImplOpenGL3_RenderDrawData(struct ImDrawData *)" (?ImGui_ImplOpenGL3_RenderDrawData@@YAXPAUImDrawData@@@Z)"
LINK : warning LNK4217: "___glewBindSampler" importa el símbolo "glew32s.lib(glew.obj)" definido en "imgui_impl_opengl3.obj" en la función ""void __cdecl ImGui_ImplOpenGL3_RenderDrawData(struct ImDrawData *)" (?ImGui_ImplOpenGL3_RenderDrawData@@YAXPAUImDrawData@@@Z)"
LINK : warning LNK4217: "___glewBindVertexArray" importa el símbolo "glew32s.lib(glew.obj)" definido en "imgui_impl_opengl3.obj" en la función ""bool __cdecl ImGui_ImplOpenGL3_CreateDeviceObjects(void)" (?ImGui_ImplOpenGL3_CreateDeviceObjects@@YA_NXZ)"
LINK : warning LNK4217: "___glewDeleteVertexArrays" importa el símbolo "glew32s.lib(glew.obj)" definido en "imgui_impl_opengl3.obj" en la función ""void __cdecl ImGui_ImplOpenGL3_RenderDrawData(struct ImDrawData *)" (?ImGui_ImplOpenGL3_RenderDrawData@@YAXPAUImDrawData@@@Z)"
LINK : warning LNK4217: "___glewGenVertexArrays" importa el símbolo "glew32s.lib(glew.obj)" definido en "imgui_impl_opengl3.obj" en la función ""void __cdecl ImGui_ImplOpenGL3_RenderDrawData(struct ImDrawData *)" (?ImGui_ImplOpenGL3_RenderDrawData@@YAXPAUImDrawData@@@Z)"
glew32s.lib(glew.obj) : warning LNK4099: no se encontró PDB 'vc120.pdb' con 'glew32s.lib(glew.obj)' o en 'C:\Users\apere\Desktop\P3\vc120.pdb'; se vinculará el objeto sin tener en cuenta información de depuración
  visualstudio.vcxproj -> C:\Users\apere\Desktop\P3\visualstudio15\VS2015\..\..\framework_debug.exe
