c:\users\gti\desktop\alex\acg_framework_miquel\visualstudio15\vs2015\release\animation.obj
c:\users\gti\desktop\alex\acg_framework_miquel\visualstudio15\vs2015\release\material.obj
c:\users\gti\desktop\alex\acg_framework_miquel\visualstudio15\vs2015\release\coldet_bld.obj
c:\users\gti\desktop\alex\acg_framework_miquel\visualstudio15\vs2015\release\imguizmo.obj
c:\users\gti\desktop\alex\acg_framework_miquel\visualstudio15\vs2015\release\imgui_impl_opengl3.obj
c:\users\gti\desktop\alex\acg_framework_miquel\visualstudio15\vs2015\release\picopng.obj
c:\users\gti\desktop\alex\acg_framework_miquel\visualstudio15\vs2015\release\main.obj
c:\users\gti\desktop\alex\acg_framework_miquel\visualstudio15\vs2015\release\utils.obj
c:\users\gti\desktop\alex\acg_framework_miquel\visualstudio15\vs2015\release\box.obj
c:\users\gti\desktop\alex\acg_framework_miquel\visualstudio15\vs2015\release\imcurveedit.obj
c:\users\gti\desktop\alex\acg_framework_miquel\visualstudio15\vs2015\release\imsequencer.obj
c:\users\gti\desktop\alex\acg_framework_miquel\visualstudio15\vs2015\release\pvmparser.obj
c:\users\gti\desktop\alex\acg_framework_miquel\visualstudio15\vs2015\release\rendertotexture.obj
c:\users\gti\desktop\alex\acg_framework_miquel\visualstudio15\vs2015\release\coldet.obj
c:\users\gti\desktop\alex\acg_framework_miquel\visualstudio15\vs2015\release\imgui.obj
c:\users\gti\desktop\alex\acg_framework_miquel\visualstudio15\vs2015\release\textparser.obj
c:\users\gti\desktop\alex\acg_framework_miquel\visualstudio15\vs2015\release\mesh.obj
c:\users\gti\desktop\alex\acg_framework_miquel\visualstudio15\vs2015\release\camera.obj
c:\users\gti\desktop\alex\acg_framework_miquel\visualstudio15\vs2015\release\framework.obj
c:\users\gti\desktop\alex\acg_framework_miquel\visualstudio15\vs2015\release\scenenode.obj
c:\users\gti\desktop\alex\acg_framework_miquel\visualstudio15\vs2015\release\box_bld.obj
c:\users\gti\desktop\alex\acg_framework_miquel\visualstudio15\vs2015\release\hdre.obj
c:\users\gti\desktop\alex\acg_framework_miquel\visualstudio15\vs2015\release\fbo.obj
c:\users\gti\desktop\alex\acg_framework_miquel\visualstudio15\vs2015\release\texture.obj
c:\users\gti\desktop\alex\acg_framework_miquel\visualstudio15\vs2015\release\mytritri.obj
c:\users\gti\desktop\alex\acg_framework_miquel\visualstudio15\vs2015\release\imgradient.obj
c:\users\gti\desktop\alex\acg_framework_miquel\visualstudio15\vs2015\release\input.obj
c:\users\gti\desktop\alex\acg_framework_miquel\visualstudio15\vs2015\release\shader.obj
c:\users\gti\desktop\alex\acg_framework_miquel\visualstudio15\vs2015\release\math3d.obj
c:\users\gti\desktop\alex\acg_framework_miquel\visualstudio15\vs2015\release\sysdep.obj
c:\users\gti\desktop\alex\acg_framework_miquel\visualstudio15\vs2015\release\imgui_demo.obj
c:\users\gti\desktop\alex\acg_framework_miquel\visualstudio15\vs2015\release\imgui_widgets.obj
c:\users\gti\desktop\alex\acg_framework_miquel\visualstudio15\vs2015\release\application.obj
c:\users\gti\desktop\alex\acg_framework_miquel\visualstudio15\vs2015\release\volume.obj
c:\users\gti\desktop\alex\acg_framework_miquel\visualstudio15\vs2015\release\framework.tlog\cl.27804.write.1.tlog
c:\users\gti\desktop\alex\acg_framework_miquel\visualstudio15\vs2015\release\framework.tlog\cl.command.1.tlog
c:\users\gti\desktop\alex\acg_framework_miquel\visualstudio15\vs2015\release\framework.tlog\cl.read.1.tlog
